2026-01-20 19:34:38,078 - __main__ - INFO - ======================================================================
2026-01-20 19:34:38,079 - __main__ - INFO - INITIALIZING BRAIN TUMOR DETECTION SYSTEM
2026-01-20 19:34:38,079 - __main__ - INFO - ======================================================================
2026-01-20 19:34:38,079 - utils.preprocess - INFO - ImagePreprocessor initialized with target size: (640, 640)
2026-01-20 19:34:38,080 - __main__ - INFO - [OK] Image Preprocessor initialized
2026-01-20 19:34:38,080 - utils.inference - INFO - GPU not available. Using CPU for inference.
2026-01-20 19:34:38,090 - utils.inference - ERROR - Error loading YOLOv8 model: Weights only load failed. This file can still be loaded, to do so you have two options, [1mdo those steps only if you trust the source of the checkpoint[0m. 
	(1) In PyTorch 2.6, we changed the default value of the `weights_only` argument in `torch.load` from `False` to `True`. Re-running `torch.load` with `weights_only` set to `False` will likely succeed, but it can result in arbitrary code execution. Do it only if you got the file from a trusted source.
	(2) Alternatively, to load with `weights_only=True` please check the recommended steps in the following error message.
	WeightsUnpickler error: Unsupported global: GLOBAL torch.nn.modules.container.Sequential was not an allowed global by default. Please use `torch.serialization.add_safe_globals([torch.nn.modules.container.Sequential])` or the `torch.serialization.safe_globals([torch.nn.modules.container.Sequential])` context manager to allowlist this global if you trust this class/function.

Check the documentation of torch.load to learn more about types accepted by default with weights_only https://pytorch.org/docs/stable/generated/torch.load.html.
2026-01-20 19:34:38,090 - __main__ - WARNING - [!] Failed to load YOLOv9 model
2026-01-20 19:34:38,091 - __main__ - WARNING - [!] Running in DEMO MODE instead
2026-01-20 19:34:38,092 - __main__ - INFO - [OK] Demo mode initialized
2026-01-20 19:34:38,092 - __main__ - INFO - Starting Flask server on 0.0.0.0:5000
2026-01-20 19:34:38,093 - __main__ - INFO - Debug mode: False
2026-01-20 19:34:38,093 - __main__ - INFO - ======================================================================
2026-01-20 19:34:38,111 - werkzeug - INFO - [31m[1mWARNING: This is a development server. Do not use it in a production deployment. Use a production WSGI server instead.[0m
 * Running on all addresses (0.0.0.0)
 * Running on http://127.0.0.1:5000
 * Running on http://10.136.158.1:5000
2026-01-20 19:34:38,112 - werkzeug - INFO - [33mPress CTRL+C to quit[0m
2026-01-20 19:35:26,637 - __main__ - INFO - Processing image: images (1).jpg (3860 bytes)
2026-01-20 19:35:26,680 - utils.preprocess - INFO - Preprocessing complete. Original size: (234, 216), Target size: (640, 640)
2026-01-20 19:35:27,019 - __main__ - INFO - [DEMO] Prediction: tumor=False, confidence=0.25, mri_likely=False
2026-01-20 19:35:27,021 - __main__ - INFO - Prediction complete: tumor_detected=False
2026-01-20 19:35:27,024 - werkzeug - INFO - 127.0.0.1 - - [20/Jan/2026 19:35:27] "POST /predict HTTP/1.1" 200 -
2026-01-20 19:35:37,608 - __main__ - INFO - Processing image: 4_jpg.rf.02d22bbaeb3dcac64ef99e82dfd946e9.jpg (32911 bytes)
2026-01-20 19:35:37,629 - utils.preprocess - INFO - Preprocessing complete. Original size: (640, 640), Target size: (640, 640)
2026-01-20 19:35:37,949 - __main__ - INFO - [DEMO] Prediction: tumor=False, confidence=0.16, mri_likely=False
2026-01-20 19:35:37,950 - __main__ - INFO - Prediction complete: tumor_detected=False
2026-01-20 19:35:37,952 - werkzeug - INFO - 127.0.0.1 - - [20/Jan/2026 19:35:37] "POST /predict HTTP/1.1" 200 -
2026-01-20 19:35:51,831 - __main__ - INFO - Processing image: Hirnmetastase_MRT-T1_KM.jpg (15808 bytes)
2026-01-20 19:35:51,850 - utils.preprocess - INFO - Preprocessing complete. Original size: (270, 250), Target size: (640, 640)
2026-01-20 19:35:52,171 - __main__ - INFO - [DEMO] Prediction: tumor=False, confidence=0.30, mri_likely=False
2026-01-20 19:35:52,171 - __main__ - INFO - Prediction complete: tumor_detected=False
2026-01-20 19:35:52,173 - werkzeug - INFO - 127.0.0.1 - - [20/Jan/2026 19:35:52] "POST /predict HTTP/1.1" 200 -
2026-01-20 19:35:58,648 - __main__ - INFO - Processing image: images.jpg (4337 bytes)
2026-01-20 19:35:58,667 - utils.preprocess - INFO - Preprocessing complete. Original size: (252, 200), Target size: (640, 640)
2026-01-20 19:35:58,990 - __main__ - INFO - [DEMO] Prediction: tumor=False, confidence=0.29, mri_likely=False
2026-01-20 19:35:58,990 - __main__ - INFO - Prediction complete: tumor_detected=False
2026-01-20 19:35:58,992 - werkzeug - INFO - 127.0.0.1 - - [20/Jan/2026 19:35:58] "POST /predict HTTP/1.1" 200 -
2026-01-20 19:36:10,442 - __main__ - INFO - Processing image: 1_jpg.rf.eee6547c09d13001fff4a45c380115aa.jpg (37000 bytes)
2026-01-20 19:36:10,466 - utils.preprocess - INFO - Preprocessing complete. Original size: (640, 640), Target size: (640, 640)
2026-01-20 19:36:10,785 - __main__ - INFO - [DEMO] Prediction: tumor=False, confidence=0.13, mri_likely=False
2026-01-20 19:36:10,785 - __main__ - INFO - Prediction complete: tumor_detected=False
2026-01-20 19:36:10,786 - werkzeug - INFO - 127.0.0.1 - - [20/Jan/2026 19:36:10] "POST /predict HTTP/1.1" 200 -
